#
# A fatal error has been detected by the Java Runtime Environment:
#
#  EXCEPTION_ACCESS_VIOLATION (0xc0000005) at pc=0x00000000777681c5, pid=8652, tid=9236
#
# JRE version: Java(TM) SE Runtime Environment (8.0_51-b16) (build 1.8.0_51-b16)
# Java VM: Java HotSpot(TM) 64-Bit Server VM (25.51-b03 mixed mode windows-amd64 compressed oops)
# Problematic frame:
# V  [jvm.dll+0x1281c5]
#
# Failed to write core dump. Minidumps are not enabled by default on client versions of Windows
#
# If you would like to submit a bug report, please visit:
#   http://bugreport.java.com/bugreport/crash.jsp
#

---------------  T H R E A D  ---------------

Current thread (0x000000001538d800):  JavaThread "JDWP Transport Listener: dt_socket" daemon [_thread_in_vm, id=9236, stack(0x0000000016c30000,0x0000000016d30000)]

siginfo: ExceptionCode=0xc0000005, reading address 0xffffffffffffffff

Registers:
RAX=0x0000000016d2f701, RBX=0x000000001538d800, RCX=0x003b003b6e6f6974, RDX=0x0000000000000000
RSP=0x0000000016d2f710, RBP=0x003b003b6e6f6974, RSI=0x0000000016d2f828, RDI=0x0000000002bc81a0
R8 =0x000000001538d800, R9 =0x0000000000000000, R10=0x0000000000000000, R11=0x0000000000000064
R12=0x0000000000000000, R13=0x0000000015383ab8, R14=0x0000000000000000, R15=0x0000000000000000
RIP=0x00000000777681c5, EFLAGS=0x0000000000010206

Top of Stack: (sp=0x0000000016d2f710)
0x0000000016d2f710:   000000001538d800 000000001538d800
0x0000000016d2f720:   0000000016d2f7d8 000000007796c72b
0x0000000016d2f730:   000000001538d800 0000000077988f8d
0x0000000016d2f740:   0000000000000000 0000000077499155
0x0000000016d2f750:   000000001705d880 00000000774a291e
0x0000000016d2f760:   000000001538d800 0000000000000000
0x0000000016d2f770:   0000000000000000 0000000000000000
0x0000000016d2f780:   003b003b6e6f6974 00000000774a1a15
0x0000000016d2f790:   0000000016d2f828 0000000016d2f800
0x0000000016d2f7a0:   0000000000000001 000000001705d880
0x0000000016d2f7b0:   003b003b6e6f6974 00000000774853b3
0x0000000016d2f7c0:   0000000016d2f8f0 0000000000000001
0x0000000016d2f7d0:   0000000000000001 000000001705d880
0x0000000016d2f7e0:   0000000000000009 0000000000000000
0x0000000016d2f7f0:   0000000000000000 0000000000000000
0x0000000016d2f800:   0000000000000001 0000000077485571 

Instructions: (pc=0x00000000777681c5)
0x00000000777681a5:   cc cc cc cc cc cc cc cc cc cc cc 48 83 ec 28 48
0x00000000777681b5:   85 c9 75 07 33 c0 48 83 c4 28 c3 48 89 5c 24 20
0x00000000777681c5:   48 8b 19 48 85 db 74 20 48 83 fb 37 74 1a 48 8b
0x00000000777681d5:   13 48 8b cb ff 52 10 84 c0 74 0d 48 8b c3 48 8b 


Register to memory mapping:

RAX=0x0000000016d2f701 is pointing into the stack for thread: 0x000000001538d800
RBX=0x000000001538d800 is a thread
RCX=0x003b003b6e6f6974 is an unknown value
RDX=0x0000000000000000 is an unknown value
RSP=0x0000000016d2f710 is pointing into the stack for thread: 0x000000001538d800
RBP=0x003b003b6e6f6974 is an unknown value
RSI=0x0000000016d2f828 is pointing into the stack for thread: 0x000000001538d800
RDI=0x0000000002bc81a0 is an unknown value
R8 =0x000000001538d800 is a thread
R9 =0x0000000000000000 is an unknown value
R10=0x0000000000000000 is an unknown value
R11=0x0000000000000064 is an unknown value
R12=0x0000000000000000 is an unknown value
R13=0x0000000015383ab8 is an unknown value
R14=0x0000000000000000 is an unknown value
R15=0x0000000000000000 is an unknown value


Stack: [0x0000000016c30000,0x0000000016d30000],  sp=0x0000000016d2f710,  free space=1021k
Native frames: (J=compiled Java code, j=interpreted, Vv=VM code, C=native code)
V  [jvm.dll+0x1281c5]
V  [jvm.dll+0x348f8d]
C  [jdwp.dll+0x21a15]
C  [jdwp.dll+0x53b3]
C  [jdwp.dll+0x5571]
C  [jdwp.dll+0xf0a8]
C  [jdwp.dll+0x1f2d5]
C  [jdwp.dll+0x1f4aa]
V  [jvm.dll+0x1bae78]
V  [jvm.dll+0x2418a4]
V  [jvm.dll+0x29846a]
C  [msvcr100.dll+0x21d9f]
C  [msvcr100.dll+0x21e3b]
C  [KERNEL32.DLL+0x12d92]
C  [ntdll.dll+0x9f64]


---------------  P R O C E S S  ---------------

Java Threads: ( => current thread )
  0x0000000017058000 JavaThread "Service Thread" daemon [_thread_blocked, id=9836, stack(0x0000000017630000,0x0000000017730000)]
  0x00000000153dd000 JavaThread "C1 CompilerThread2" daemon [_thread_blocked, id=5308, stack(0x0000000017530000,0x0000000017630000)]
  0x00000000153db000 JavaThread "C2 CompilerThread1" daemon [_thread_blocked, id=8608, stack(0x0000000017430000,0x0000000017530000)]
  0x00000000153a2800 JavaThread "C2 CompilerThread0" daemon [_thread_blocked, id=7172, stack(0x0000000016f30000,0x0000000017030000)]
  0x0000000015396800 JavaThread "JDWP Command Reader" daemon [_thread_in_native, id=7644, stack(0x0000000016e30000,0x0000000016f30000)]
  0x0000000015393000 JavaThread "JDWP Event Helper Thread" daemon [_thread_blocked, id=816, stack(0x0000000016d30000,0x0000000016e30000)]
=>0x000000001538d800 JavaThread "JDWP Transport Listener: dt_socket" daemon [_thread_in_vm, id=9236, stack(0x0000000016c30000,0x0000000016d30000)]
  0x000000001537b800 JavaThread "Attach Listener" daemon [_thread_blocked, id=6824, stack(0x00000000167f0000,0x00000000168f0000)]
  0x000000001537a000 JavaThread "Signal Dispatcher" daemon [_thread_blocked, id=9780, stack(0x00000000166f0000,0x00000000167f0000)]
  0x0000000002dd7000 JavaThread "Finalizer" daemon [_thread_blocked, id=2884, stack(0x00000000165f0000,0x00000000166f0000)]
  0x0000000002dce800 JavaThread "Reference Handler" daemon [_thread_blocked, id=7388, stack(0x00000000164f0000,0x00000000165f0000)]
  0x0000000002bcd800 JavaThread "main" [_thread_blocked, id=7908, stack(0x0000000002bd0000,0x0000000002cd0000)]

Other Threads:
  0x0000000015347000 VMThread [stack: 0x00000000163f0000,0x00000000164f0000] [id=10100]
  0x000000001705b000 WatcherThread [stack: 0x0000000017730000,0x0000000017830000] [id=6836]

VM state:not at safepoint (normal execution)

VM Mutex/Monitor currently owned by a thread: None

Heap:
 PSYoungGen      total 18432K, used 1270K [0x00000000eb580000, 0x00000000eca00000, 0x0000000100000000)
  eden space 15872K, 8% used [0x00000000eb580000,0x00000000eb6bd808,0x00000000ec500000)
  from space 2560K, 0% used [0x00000000ec780000,0x00000000ec780000,0x00000000eca00000)
  to   space 2560K, 0% used [0x00000000ec500000,0x00000000ec500000,0x00000000ec780000)
 ParOldGen       total 42496K, used 0K [0x00000000c2000000, 0x00000000c4980000, 0x00000000eb580000)
  object space 42496K, 0% used [0x00000000c2000000,0x00000000c2000000,0x00000000c4980000)
 Metaspace       used 2711K, capacity 4564K, committed 4864K, reserved 1056768K
  class space    used 302K, capacity 388K, committed 512K, reserved 1048576K

Card table byte_map: [0x00000000121a0000,0x00000000123a0000] byte_map_base: 0x0000000011b90000

Marking Bits: (ParMarkBitMap*) 0x0000000077e44040
 Begin Bits: [0x00000000128f0000, 0x0000000013870000)
 End Bits:   [0x0000000013870000, 0x00000000147f0000)

Polling page: 0x0000000001330000

CodeCache: size=245760Kb used=1090Kb max_used=1090Kb free=244669Kb
 bounds [0x0000000002de0000, 0x0000000003050000, 0x0000000011de0000]
 total_blobs=242 nmethods=20 adapters=144
 compilation: enabled

Compilation events (10 events):
Event: 0.688 Thread 0x00000000153dd000   16       3       java.util.Arrays::copyOfRange (63 bytes)
Event: 0.689 Thread 0x00000000153dd000 nmethod 16 0x0000000002eecf50 code [0x0000000002eed160, 0x0000000002eedcd8]
Event: 0.689 Thread 0x00000000153dd000   18       3       java.io.WinNTFileSystem::isSlash (18 bytes)
Event: 0.690 Thread 0x00000000153dd000 nmethod 18 0x0000000002eee290 code [0x0000000002eee3e0, 0x0000000002eee5d0]
Event: 0.690 Thread 0x00000000153dd000   19  s    3       java.lang.StringBuffer::append (13 bytes)
Event: 0.690 Thread 0x00000000153dd000 nmethod 19 0x0000000002eee650 code [0x0000000002eee7e0, 0x0000000002eeece8]
Event: 0.690 Thread 0x00000000153dd000   17       3       java.lang.String::<init> (62 bytes)
Event: 0.691 Thread 0x00000000153dd000 nmethod 17 0x0000000002eeef50 code [0x0000000002eef120, 0x0000000002eef598]
Event: 0.691 Thread 0x00000000153dd000   20       3       java.lang.String::equals (81 bytes)
Event: 0.692 Thread 0x00000000153dd000 nmethod 20 0x0000000002eef850 code [0x0000000002eef9e0, 0x0000000002eeff30]

GC Heap History (0 events):
No events

Deoptimization events (0 events):
No events

Internal exceptions (2 events):
Event: 0.083 Thread 0x0000000002bcd800 Exception <a 'java/lang/NoSuchMethodError': Method sun.misc.Unsafe.defineClass(Ljava/lang/String;[BII)Ljava/lang/Class; name or signature does not match> (0x00000000eb58d238) thrown at [C:\re\workspace\8-2-build-windows-amd64-cygwin\jdk8u51\3951\hotspot\srmL‹)mGµ?
Event: 0.083 Thread 0x0000000002bcd800 Exception <a 'java/lang/NoSuchMethodError': Method sun.misc.Unsafe.prefetchRead(Ljava/lang/Object;J)V name or signature does not match> (0x00000000eb58d4c8) thrown at [C:\re\workspace\8-2-build-windows-amd64-cygwin\jdk8u51\3951\hotspot\src\share\vm\prims\j

Events (10 events):
Event: 59.891 loading class javax/swing/SwingConstants
Event: 59.891 loading class javax/swing/SwingConstants done
Event: 59.891 loading class javax/swing/AbstractButton done
Event: 59.891 loading class javax/swing/JButton done
Event: 59.891 loading class javax/swing/JLabel
Event: 59.891 loading class javax/swing/JLabel done
Event: 59.893 Executing VM operation: RedefineClasses
Event: 59.894 Executing VM operation: RedefineClasses done
Event: 93.575 Executing VM operation: RedefineClasses
Event: 93.575 Executing VM operation: RedefineClasses done


Dynamic libraries:
0x00007ff62eeb0000 - 0x00007ff62eee7000 	C:\Program Files\Java\jre1.8.0_51\bin\javaw.exe
0x00007ffe53570000 - 0x00007ffe53732000 	C:\Windows\SYSTEM32\ntdll.dll
0x00007ffe527c0000 - 0x00007ffe5286d000 	C:\Windows\system32\KERNEL32.DLL
0x00007ffe41840000 - 0x00007ffe41873000 	C:\Program Files\AVAST Software\Avast\x64\aswhooka.dll
0x00007ffe50080000 - 0x00007ffe5025d000 	C:\Windows\system32\KERNELBASE.dll
0x00007ffe52b90000 - 0x00007ffe52c36000 	C:\Windows\system32\ADVAPI32.dll
0x00007ffe50c30000 - 0x00007ffe50ccd000 	C:\Windows\system32\msvcrt.dll
0x00007ffe511d0000 - 0x00007ffe5122b000 	C:\Windows\system32\sechost.dll
0x00007ffe52c40000 - 0x00007ffe52d66000 	C:\Windows\system32\RPCRT4.dll
0x00007ffe52a20000 - 0x00007ffe52b6e000 	C:\Windows\system32\USER32.dll
0x00007ffe51040000 - 0x00007ffe511c3000 	C:\Windows\system32\GDI32.dll
0x00007ffe477e0000 - 0x00007ffe47a54000 	C:\Windows\WinSxS\amd64_microsoft.windows.common-controls_6595b64144ccf1df_6.0.10240.17184_none_f41d7a705752bce6\COMCTL32.dll
0x00007ffe51230000 - 0x00007ffe51266000 	C:\Windows\system32\IMM32.DLL
0x00007ffe50ee0000 - 0x00007ffe5103c000 	C:\Windows\system32\MSCTF.dll
0x0000000077560000 - 0x0000000077632000 	C:\Program Files\Java\jre1.8.0_51\bin\msvcr100.dll
0x0000000077640000 - 0x0000000077ec3000 	C:\Program Files\Java\jre1.8.0_51\bin\server\jvm.dll
0x00007ffe527a0000 - 0x00007ffe527a8000 	C:\Windows\system32\PSAPI.DLL
0x00007ffe40ec0000 - 0x00007ffe40ec9000 	C:\Windows\SYSTEM32\WSOCK32.dll
0x00007ffe532f0000 - 0x00007ffe53359000 	C:\Windows\system32\WS2_32.dll
0x00007ffe527b0000 - 0x00007ffe527b8000 	C:\Windows\system32\NSI.dll
0x00007ffe4e010000 - 0x00007ffe4e033000 	C:\Windows\SYSTEM32\WINMM.dll
0x00007ffe46230000 - 0x00007ffe4623a000 	C:\Windows\SYSTEM32\VERSION.dll
0x00007ffe4df80000 - 0x00007ffe4dfac000 	C:\Windows\SYSTEM32\WINMMBASE.dll
0x00007ffe50030000 - 0x00007ffe50074000 	C:\Windows\system32\cfgmgr32.dll
0x00007ffe4e910000 - 0x00007ffe4e937000 	C:\Windows\SYSTEM32\DEVOBJ.dll
0x0000000050030000 - 0x000000005003f000 	C:\Program Files\Java\jre1.8.0_51\bin\verify.dll
0x0000000050000000 - 0x0000000050029000 	C:\Program Files\Java\jre1.8.0_51\bin\java.dll
0x0000000077480000 - 0x00000000774b5000 	C:\Program Files\Java\jre1.8.0_51\bin\jdwp.dll
0x0000000077470000 - 0x0000000077478000 	C:\Program Files\Java\jre1.8.0_51\bin\npt.dll
0x0000000077540000 - 0x0000000077556000 	C:\Program Files\Java\jre1.8.0_51\bin\zip.dll
0x00007ffe51270000 - 0x00007ffe52793000 	C:\Windows\system32\SHELL32.dll
0x00007ffe50260000 - 0x00007ffe50889000 	C:\Windows\system32\windows.storage.dll
0x00007ffe52e20000 - 0x00007ffe5309c000 	C:\Windows\system32\combase.dll
0x00007ffe53360000 - 0x00007ffe533b1000 	C:\Windows\system32\shlwapi.dll
0x00007ffe4ff90000 - 0x00007ffe4ff9f000 	C:\Windows\system32\kernel.appcore.dll
0x00007ffe509a0000 - 0x00007ffe50a53000 	C:\Windows\system32\shcore.dll
0x00007ffe4ffe0000 - 0x00007ffe5002a000 	C:\Windows\system32\powrprof.dll
0x00007ffe4ffc0000 - 0x00007ffe4ffd3000 	C:\Windows\system32\profapi.dll
0x0000000077460000 - 0x0000000077469000 	C:\Program Files\Java\jre1.8.0_51\bin\dt_socket.dll
0x00007ffe45d60000 - 0x00007ffe45d75000 	C:\Windows\system32\napinsp.dll
0x00007ffe461a0000 - 0x00007ffe461ba000 	C:\Windows\system32\pnrpnsp.dll
0x00007ffe4b020000 - 0x00007ffe4b038000 	C:\Windows\system32\NLAapi.dll
0x00007ffe4f7a0000 - 0x00007ffe4f7fd000 	C:\Windows\System32\mswsock.dll
0x00007ffe4f540000 - 0x00007ffe4f5e8000 	C:\Windows\SYSTEM32\DNSAPI.dll
0x00007ffe461c0000 - 0x00007ffe461cd000 	C:\Windows\System32\winrnr.dll
0x00007ffe46340000 - 0x00007ffe46355000 	C:\Windows\system32\wshbth.dll
0x00007ffe49930000 - 0x00007ffe49998000 	C:\Windows\System32\fwpuclnt.dll
0x00007ffe4fec0000 - 0x00007ffe4fee8000 	C:\Windows\SYSTEM32\bcrypt.dll
0x00007ffe492b0000 - 0x00007ffe492ba000 	C:\Windows\System32\rasadhlp.dll
0x00007ffe403b0000 - 0x00007ffe4053a000 	C:\Windows\SYSTEM32\dbghelp.dll

VM Arguments:
jvm_args: -agentlib:jdwp=transport=dt_socket,suspend=y,address=localhost:51449 -Dfile.encoding=Cp1252 
java_command: Game1
java_class_path (initial): E:\Java\programs\Eclipse\Game1\bin
Launcher Type: SUN_STANDARD

Environment Variables:
PATH=C:/Program Files/Java/jre1.8.0_51/bin/server;C:/Program Files/Java/jre1.8.0_51/bin;C:/Program Files/Java/jre1.8.0_51/lib/amd64;C:\oraclexe\app\oracle\product\11.2.0\server\bin;;C:\ProgramData\Oracle\Java\javapath;C:\Windows\system32;C:\Windows;C:\Windows\System32\Wbem;C:\Windows\System32\WindowsPowerShell\v1.0\;C:\Program Files (x86)\Common Files\lenovo\easyplussdk\bin;C:\Program Files\Java\jdk1.8.0_51\bin;;E:\backup\Eclispse oxygen\eclipse;
USERNAME=Rahul
OS=Windows_NT
PROCESSOR_IDENTIFIER=Intel64 Family 6 Model 58 Stepping 9, GenuineIntel



---------------  S Y S T E M  ---------------

OS: Windows 10.0 , 64 bit Build 10240 (10.0.10240.17113)

CPU:total 4 (2 cores per cpu, 2 threads per core) family 6 model 58 stepping 9, cmov, cx8, fxsr, mmx, sse, sse2, sse3, ssse3, sse4.1, sse4.2, popcnt, avx, clmul, erms, ht, tsc, tscinvbit, tscinv

Memory: 4k page, physical 4056152k(1149372k free), swap 8051164k(1666024k free)

vm_info: Java HotSpot(TM) 64-Bit Server VM (25.51-b03) for windows-amd64 JRE (1.8.0_51-b16), built on Jun  8 2015 18:03:07 by "java_re" with MS VC++ 10.0 (VS2010)

time: Sat Oct 21 02:31:00 2017
elapsed time: 93 seconds (0d 0h 1m 33s)

